0 info it worked if it ends with ok
1 verbose cli [ 'C:\\Program Files\\nodejs\\node.exe',
1 verbose cli   'C:\\Users\\lafmog\\AppData\\Roaming\\npm\\node_modules\\npm\\bin\\npm-cli.js',
1 verbose cli   'run',
1 verbose cli   'test:watch' ]
2 info using npm@2.14.2
3 info using node@v4.0.0
4 verbose run-script [ 'pretest:watch', 'test:watch', 'posttest:watch' ]
5 info pretest:watch redux@1.0.0
6 info test:watch redux@1.0.0
7 verbose unsafe-perm in lifecycle true
8 info redux@1.0.0 Failed to exec test:watch script
9 verbose stack Error: redux@1.0.0 test:watch: `gulp --gulpfile tools/gulpfile.babel.js test-watch`
9 verbose stack Exit status 1
9 verbose stack     at EventEmitter.<anonymous> (C:\Users\lafmog\AppData\Roaming\npm\node_modules\npm\lib\utils\lifecycle.js:214:16)
9 verbose stack     at emitTwo (events.js:87:13)
9 verbose stack     at EventEmitter.emit (events.js:172:7)
9 verbose stack     at ChildProcess.<anonymous> (C:\Users\lafmog\AppData\Roaming\npm\node_modules\npm\lib\utils\spawn.js:24:14)
9 verbose stack     at emitTwo (events.js:87:13)
9 verbose stack     at ChildProcess.emit (events.js:172:7)
9 verbose stack     at maybeClose (internal/child_process.js:817:16)
9 verbose stack     at Process.ChildProcess._handle.onexit (internal/child_process.js:211:5)
10 verbose pkgid redux@1.0.0
11 verbose cwd C:\Users\lafmog\Documents\js\redux2
12 error Windows_NT 6.3.9600
13 error argv "C:\\Program Files\\nodejs\\node.exe" "C:\\Users\\lafmog\\AppData\\Roaming\\npm\\node_modules\\npm\\bin\\npm-cli.js" "run" "test:watch"
14 error node v4.0.0
15 error npm  v2.14.2
16 error code ELIFECYCLE
17 error redux@1.0.0 test:watch: `gulp --gulpfile tools/gulpfile.babel.js test-watch`
17 error Exit status 1
18 error Failed at the redux@1.0.0 test:watch script 'gulp --gulpfile tools/gulpfile.babel.js test-watch'.
18 error This is most likely a problem with the redux package,
18 error not with npm itself.
18 error Tell the author that this fails on your system:
18 error     gulp --gulpfile tools/gulpfile.babel.js test-watch
18 error You can get their info via:
18 error     npm owner ls redux
18 error There is likely additional logging output above.
19 verbose exit [ 1, true ]
